<?xml version="1.0" encoding="UTF-8"?>
<!-- Generated by org.testng.reporters.JUnitXMLReporter -->
<testsuite ignored="0" hostname="LAPTOP-70I63UIU" failures="1" tests="2" name="SmokeTest" time="7.548" errors="0" timestamp="2025-11-11T18:19:47 AST">
  <testcase classname="TestNgpack.NewTest1" name="verifyTitleOfWebpage" time="0.213"/>
  <testcase classname="TestNgpack.NewTest2" name="verifyTitleOfWebpage" time="0.219">
    <failure type="java.lang.AssertionError" message="expected [rangeHRM - New Level of HR Management] but found [OrangeHRM - New Level of HR Management]">
      <![CDATA[java.lang.AssertionError: expected [rangeHRM - New Level of HR Management] but found [OrangeHRM - New Level of HR Management]
at TestNgpack.NewTest2.verifyTitleOfWebpage(NewTest2.java:18)
at java.base/java.util.ArrayList.forEach(ArrayList.java:1596)
... Removed 31 stack frames]]>
    </failure>
  </testcase> <!-- verifyTitleOfWebpage -->
</testsuite> <!-- SmokeTest -->
