<?xml version="1.0" encoding="UTF-8"?>
<testng-results ignored="0" total="2" passed="2" failed="0" skipped="0">
  <reporter-output>
  </reporter-output>
  <suite started-at="2025-11-11T18:39:41 AST" name="Default suite" finished-at="2025-11-11T18:39:48 AST" duration-ms="7566">
    <groups>
    </groups>
    <test started-at="2025-11-11T18:39:41 AST" name="Default test" finished-at="2025-11-11T18:39:48 AST" duration-ms="7566">
      <class name="TestNgpack.NewTest2">
        <test-method is-config="true" signature="openBrowser()[pri:0, instance:TestNgpack.NewTest2@3a52dba3]" started-at="2025-11-11T18:39:41 AST" name="openBrowser" finished-at="2025-11-11T18:39:44 AST" duration-ms="3017" status="PASS">
          <reporter-output>
          </reporter-output>
        </test-method> <!-- openBrowser -->
        <test-method signature="verifyTitleOfWebpage()[pri:0, instance:TestNgpack.NewTest2@3a52dba3]" started-at="2025-11-11T18:39:44 AST" name="verifyTitleOfWebpage" finished-at="2025-11-11T18:39:44 AST" duration-ms="209" status="PASS">
          <reporter-output>
          </reporter-output>
        </test-method> <!-- verifyTitleOfWebpage -->
        <test-method is-config="true" signature="closeBrowser()[pri:0, instance:TestNgpack.NewTest2@3a52dba3]" started-at="2025-11-11T18:39:44 AST" name="closeBrowser" finished-at="2025-11-11T18:39:45 AST" duration-ms="782" status="PASS">
          <reporter-output>
          </reporter-output>
        </test-method> <!-- closeBrowser -->
      </class> <!-- TestNgpack.NewTest2 -->
      <class name="TestNgpack.NewTest1">
        <test-method is-config="true" signature="openBrowser()[pri:0, instance:TestNgpack.NewTest1@2925bf5b]" started-at="2025-11-11T18:39:45 AST" name="openBrowser" finished-at="2025-11-11T18:39:47 AST" duration-ms="2694" status="PASS">
          <reporter-output>
          </reporter-output>
        </test-method> <!-- openBrowser -->
        <test-method signature="verifyTitleOfWebpage()[pri:0, instance:TestNgpack.NewTest1@2925bf5b]" started-at="2025-11-11T18:39:47 AST" name="verifyTitleOfWebpage" finished-at="2025-11-11T18:39:47 AST" duration-ms="170" status="PASS">
          <reporter-output>
          </reporter-output>
        </test-method> <!-- verifyTitleOfWebpage -->
        <test-method is-config="true" signature="closeBrowser()[pri:0, instance:TestNgpack.NewTest1@2925bf5b]" started-at="2025-11-11T18:39:47 AST" name="closeBrowser" finished-at="2025-11-11T18:39:48 AST" duration-ms="649" status="PASS">
          <reporter-output>
          </reporter-output>
        </test-method> <!-- closeBrowser -->
      </class> <!-- TestNgpack.NewTest1 -->
    </test> <!-- Default test -->
  </suite> <!-- Default suite -->
</testng-results>
